Processing \root_anomalies\main...
verifying model.cfgs(if any)...
<scanning files to pack (and verifying mlods if any)>

</end scan>
<MakePbo start>
config.cpp:lint checking...
class CfgPatches {
class ROOT_Anomalies {
name = "Root's Anomalies";
units[] = {};
requiredAddons[] = {
"A3_Modules_F_Curator",
"cba_main",
"zen_custom_modules"
};
weapons[] = {};
author = "Root";
authors[] = {
"Root",
"Aliascartoons"
};
url = "https://github.com/A3-Root/Root_Anomalies";
requiredVersion = 2.18;
};
};

class CfgFactionClasses {
class NO_CATEGORY;
class ROOT_ANOMALIES : NO_CATEGORY {
displayName = "Root's Anomalies";
};
};

class CfgSounds {
class bones_drop {
name = "bones_drop";
sound[] = {"root_anomalies\main\sounds\bones_drop.ogg", "db+30", 1};
titles[] = {};
};
class blood_splash {
name = "blood_splash";
sound[] = {"root_anomalies\main\sounds\blood_splash.ogg", "db+35", 1};
titles[] = {};
};
class 01_blast {
name = "01_blast";
sound[] = {"root_anomalies\main\sounds\01_blast.ogg", "db+30", 1};
titles[] = {};
};
class 02_blast {
name = "02_blast";
sound[] = {"root_anomalies\main\sounds\02_blast.ogg", "db+30", 1};
titles[] = {};
};
class 03_blast {
name = "03_blast";
sound[] = {"root_anomalies\main\sounds\03_blast.ogg", "db+30", 1};
titles[] = {};
};

class 01_blast_mediu {
name = "01_blast_mediu";
sound[] = {"root_anomalies\main\sounds\01_blast.ogg", "db+40", 1};
titles[] = {};
};
class 02_blast_mediu {
name = "02_blast_mediu";
sound[] = {"root_anomalies\main\sounds\02_blast.ogg", "db+40", 1};
titles[] = {};
};
class 03_blast_mediu {
name = "03_blast_mediu";
sound[] = {"root_anomalies\main\sounds\03_blast.ogg", "db+40", 1};
titles[] = {};
};

class 01_far_blast {
name = "01_far_blast";
sound[] = {"root_anomalies\main\sounds\01_far_blast.ogg", "db+15", 1};
titles[] = {};
};
class 02_far_blast {
name = "02_far_blast";
sound[] = {"root_anomalies\main\sounds\02_far_blast.ogg", "db+20", 1};
titles[] = {};
};
class 03_far_blast {
name = "03_far_blast";
sound[] = {"root_anomalies\main\sounds\03_far_blast.ogg", "db+10", 1};
titles[] = {};
};
class vortex {
name = "vortex";
sound[] = {"root_anomalies\main\sounds\vortex.ogg", "db+40", 1};
titles[] = {};
};
class strigat_1 {
name = "strigat_1";
sound[] = {"root_anomalies\main\sounds\strigat_1.ogg", "db+20", 1};
titles[] = {};
};
class strigat_2 {
name = "strigat_2";
sound[] = {"root_anomalies\main\sounds\strigat_2.ogg", "db+20", 1};
titles[] = {};
};
class strigat_3 {
name = "strigat_3";
sound[] = {"root_anomalies\main\sounds\strigat_3.ogg", "db+20", 1};
titles[] = {};
};
class strigat_4 {
name = "strigat_4";
sound[] = {"root_anomalies\main\sounds\strigat_4.ogg", "db+20", 1};
titles[] = {};
};
class strigat_5 {
name = "strigat_5";
sound[] = {"root_anomalies\main\sounds\strigat_5.ogg", "db+20", 1};
titles[] = {};
};
class strigat_6 {
name = "strigat_6";
sound[] = {"root_anomalies\main\sounds\strigat_6.ogg", "db+20", 1};
titles[] = {};
};
class strigat_7 {
name = "strigat_7";
sound[] = {"root_anomalies\main\sounds\strigat_7.ogg", "db+20", 1};
titles[] = {};
};
class strigat_8 {
name = "strigat_8";
sound[] = {"root_anomalies\main\sounds\strigat_8.ogg", "db+20", 1};
titles[] = {};
};
class strigat_9 {
name = "strigat_9";
sound[] = {"root_anomalies\main\sounds\strigat_9.ogg","db+20", 1};
titles[] = {};
};
class strigat_91 {
name = "strigat_91";
sound[] = {"root_anomalies\main\sounds\strigat_91.ogg", "db+20", 1};
titles[] = {};
};
class strigat_92 {
name = "strigat_92";
sound[] = {"root_anomalies\main\sounds\strigat_92.ogg", "db+20", 1};
titles[] = {};
};
class bodyfall_metal_3 {
name = "bodyfall_metal_3";
sound[] = {"root_anomalies\main\sounds\bodyfall_metal_3.ogg", "db+20", 1};
titles[] = {};
};
class bodyfall_wood_1 {
name = "bodyfall_wood_1";
sound[] = {"root_anomalies\main\sounds\bodyfall_wood_1.ogg", "db+20", 1};
titles[] = {};
};
class bodyfall_wood_2 {
name = "bodyfall_wood_2";
sound[] = {"root_anomalies\main\sounds\bodyfall_wood_2.ogg", "db+20", 1};
titles[] = {};
};
class bodyfall_wood_3 {
name = "bodyfall_wood_3";
sound[] = {"root_anomalies\main\sounds\bodyfall_wood_3.ogg", "db+20", 1};
titles[] = {};
};
class device_puls {
name = "device_puls";
sound[] = {"root_anomalies\main\sounds\device_puls.ogg",1, 1};
titles[] = {};
};
class puls_bass {
name = "puls_bass";
sound[] = {"root_anomalies\main\sounds\puls_bass.ogg", "db+10", 1};
titles[] = {};
};
class charge_b {
name = "charge_b";
sound[] = {"root_anomalies\main\sounds\charge_b.ogg", "db+5", 1};
titles[] = {};
};
class explozie_3 {
name = "explozie_3";
sound[] = {"root_anomalies\main\sounds\explozie_3.ogg", "db+1", 1.0};
titles[] = {0, ""};
};
class eko {
name = "eko";
sound[] = {"root_anomalies\main\sounds\eko.ogg", "db+1", 1.0};
titles[] = {0, ""};
};
class pietre {
name = "pietre";
sound[] = {"root_anomalies\main\sounds\pietre.ogg", "db+1", 1.0};
titles[] = {0, ""};
};
class punch_1 {
name = "punch_1";
sound[] = {"root_anomalies\main\sounds\punch_1.ogg", "db+1", 1.0};
titles[] = {0, ""};
};
class punch_2 {
name = "punch_2";
sound[] = {"root_anomalies\main\sounds\punch_2.ogg", "db+1", 1.0};
titles[] = {0, ""};
};
class punch_3 {
name = "punch_3";
sound[] = {"root_anomalies\main\sounds\punch_3.ogg", "db+1", 1.0};
titles[] = {0, ""};
};
class punch_4 {
name = "punch_4";
sound[] = {"root_anomalies\main\sounds\punch_4.ogg", "db+1", 1.0};
titles[] = {0, ""};
};
class punch_5 {
name = "punch_5";
sound[] = {"root_anomalies\main\sounds\punch_5.ogg", "db+1", 1.0};
titles[] = {0, ""};
};
class punch_6 {
name = "punch_6";
sound[] = {"root_anomalies\main\sounds\punch_6.ogg", "db+1", 1.0};
titles[] = {0, ""};
};
class punch_7 {
name = "punch_7";
sound[] = {"root_anomalies\main\sounds\punch_7.ogg", "db+1", 1.0};
titles[] = {0, ""};
};
class flamer_voice {
name = "flamer_voice";
sound[] = {"root_anomalies\main\sounds\flamer_voice.ogg", "db+5", 1};
titles[] = {};
};
class 04_blast {
name = "04_blast";
sound[] = {"root_anomalies\main\sounds\04_blast.ogg", "db+10", 1};
titles[] = {};
};
class 05_blast {
name = "05_blast";
sound[] = {"root_anomalies\main\sounds\05_blast.ogg", "db+10", 1};
titles[] = {};
};
class 06_blast {
name = "06_blast";
sound[] = {"root_anomalies\main\sounds\06_blast.ogg", "db+10", 1};
titles[] = {};
};
class furnal {
name = "furnal";
sound[] = {"root_anomalies\main\sounds\furnal.ogg",1, 1};
titles[] = {1, ""};
};
class burned {
name = "burned";
sound[] = {"root_anomalies\main\sounds\burned.ogg", 1, 1};
titles[] = {1, ""};
};
class close_bomb {
name = "close_bomb";
sound[] = {"root_anomalies\main\sounds\close_bomb.ogg","db+30", 1};
titles[] = {};
};
class eko_sharp {
name = "eko_sharp";
sound[] = {"root_anomalies\main\sounds\eko_sharp.ogg",1, 1};
titles[] = {};
};
class eko_bomb {
name = "eko_bomb";
sound[] = {"root_anomalies\main\sounds\eko_bomb.ogg",1, 1};
titles[] = {};
};
class foc_initial {
name = "foc_initial";
sound[] = {"root_anomalies\main\sounds\foc_initial.ogg",1, 1};
titles[] = {};
};
class NoSound {
name = "NoSound";
sound[] = {"", 0, 1};
titles[] = {0, ""};
};
class 02 {
name = "02";
sound[] = {"root_anomalies\main\sounds\02.ogg",1, 1};
titles[] = {1, ""};
};
class 04 {
name = "04";
sound[] = {"root_anomalies\main\sounds\04.ogg",1, 1};
titles[] = {1, ""};
};
class 03 {
name = "03";
sound[] = {"root_anomalies\main\sounds\03.ogg",1, 1};
titles[] = {1, ""};
};
class miscare_screamer {
name = "miscare_screamer";
sound[] = {"root_anomalies\main\sounds\miscare_screamer.ogg", "db+20", 1};
titles[] = {};
};
class scream {
name = "scream";
sound[] = {"root_anomalies\main\sounds\scream.ogg", "db+20", 1};
titles[] = {};
};
class stones_scream {
name = "stones_scream";
sound[] = {"root_anomalies\main\sounds\stones_scream.ogg", "db+20", 1};
titles[] = {};
};
class teleport_screamer {
name = "teleport_screamer";
sound[] = {"root_anomalies\main\sounds\teleport_screamer.ogg", "db+10", 1};
titles[] = {};
};
class earthquakes {
name = "earthquakes";
sound[] = {"root_anomalies\main\sounds\earthquakes.ogg", 1, 1};
titles[] = {};
};
class telep_01 {
name = "telep_01";
sound[] = {"root_anomalies\main\sounds\telep_01.ogg", "db+5", 1};
titles[] = {};
};
class telep_02 {
name = "telep_02";
sound[] = {"root_anomalies\main\sounds\telep_02.ogg", "db+5", 1};
titles[] = {};
};
class telep_03 {
name = "telep_03";
sound[] = {"root_anomalies\main\sounds\telep_03.ogg", "db+5", 1};
titles[] = {};
};
class telep_04 {
name = "telep_04";
sound[] = {"root_anomalies\main\sounds\telep_04.ogg", "db+5", 1};
titles[] = {};
};
class telep_05 {
name = "telep_05";
sound[] = {"root_anomalies\main\sounds\telep_05.ogg", "db+5", 1};
titles[] = {};
};
class tremor {
name = "tremor";
sound[] = {"root_anomalies\main\sounds\tremor.ogg", "db+5", 1};
titles[] = {};
};
class rafala_smug_01 {
name = "rafala_smug_01";
sound[] = {"root_anomalies\main\sounds\rafala_smug_01.ogg", 1, 1};
titles[] = {};
};
class rafala_smug_02 {
name = "rafala_smug_02";
sound[] = {"root_anomalies\main\sounds\rafala_smug_02.ogg", 1, 1};
titles[] = {};
};
class rafala_smug_03 {
name = "rafala_smug_03";
sound[] = {"root_anomalies\main\sounds\rafala_smug_03.ogg", 1, 1};
titles[] = {};
};
class smugg_01 {
name = "smugg_01";
sound[] = {"root_anomalies\main\sounds\smugg_01.ogg", 1, 1};
titles[] = {};
};
class smugg_02 {
name = "smugg_02";
sound[] = {"root_anomalies\main\sounds\smugg_02.ogg", 1, 1};
titles[] = {};
};
class smugg_03 {
name = "smugg_03";
sound[] = {"root_anomalies\main\sounds\smugg_03.ogg", 1, 1};
titles[] = {};
};
class zoomin {
name = "zoomin";
sound[] = {"root_anomalies\main\sounds\zoomin.ogg", "db+25", 1};
titles[] = {};
};
class tele_message {
name = "tele_message";
sound[] = {"root_anomalies\main\sounds\tele_message.ogg", "db+30", 1};
titles[] = {};
};
class halu_1 {
name = "halu_1";
sound[] = {"root_anomalies\main\sounds\halu_1.ogg", "db+10", 1};
titles[] = {};
};
class halu_2 {
name = "halu_2";
sound[] = {"root_anomalies\main\sounds\halu_2.ogg", "db+10", 1};
titles[] = {};
};
class halu_3 {
name = "halu_3";
sound[] = {"root_anomalies\main\sounds\halu_3.ogg", "db+10", 1};
titles[] = {};
};
class halu_4 {
name = "halu_4";
sound[] = {"root_anomalies\main\sounds\halu_4.ogg", "db+10", 1};
titles[] = {};
};
class halu_5 {
name = "halu_5";
sound[] = {"root_anomalies\main\sounds\halu_5.ogg", "db+10", 1};
titles[] = {};
};
class halu_6 {
name = "halu_6";
sound[] = {"root_anomalies\main\sounds\halu_6.ogg", "db+10", 1};
titles[] = {};
};
class halu_7 {
name = "halu_7";
sound[] = {"root_anomalies\main\sounds\halu_7.ogg", "db+10", 1};
titles[] = {};
};
class halu_8 {
name = "halu_8";
sound[] = {"root_anomalies\main\sounds\halu_8.ogg", "db+10", 1};
titles[] = {};
};
class halu_9 {
name = "halu_9";
sound[] = {"root_anomalies\main\sounds\halu_9.ogg", "db+10", 1};
titles[] = {};
};
class halu_91 {
name = "halu_91";
sound[] = {"root_anomalies\main\sounds\halu_91.ogg", "db+10", 1};
titles[] = {};
};
class halu_92 {
name = "halu_92";
sound[] = {"root_anomalies\main\sounds\halu_92.ogg", "db+10", 1};
titles[] = {};
};
class halu_93 {
name = "halu_93";
sound[] = {"root_anomalies\main\sounds\halu_93.ogg", "db+10", 1};
titles[] = {};
};
class halu_94 {
name = "halu_94";
sound[] = {"root_anomalies\main\sounds\halu_94.ogg", "db+10", 1};
titles[] = {};
};
class halu_95 {
name = "halu_95";
sound[] = {"root_anomalies\main\sounds\halu_95.ogg", "db+10", 1};
titles[] = {};
};
class halu_96 {
name = "halu_96";
sound[] = {"root_anomalies\main\sounds\halu_96.ogg", "db+10", 1};
titles[] = {};
};
class halu_97 {
name = "halu_97";
sound[] = {"root_anomalies\main\sounds\halu_97.ogg", "db+10", 1};
titles[] = {};
};
class halu_98 {
name = "halu_98";
sound[] = {"root_anomalies\main\sounds\halu_98.ogg", "db+10", 1};
titles[] = {};
};
class halu_99 {
name = "halu_99";
sound[] = {"root_anomalies\main\sounds\halu_99.ogg", "db+10", 1};
titles[] = {};
};
class halu_991 {
name = "halu_991";
sound[] = {"root_anomalies\main\sounds\halu_991.ogg", "db+10", 1};
titles[] = {};
};
class halu_992 {
name = "halu_992";
sound[] = {"root_anomalies\main\sounds\halu_992.ogg", "db+10", 1};
titles[] = {};
};
class halu_993 {
name = "halu_993";
sound[] = {"root_anomalies\main\sounds\halu_993.ogg", "db+10", 1};
titles[] = {};
};
class halu_994 {
name = "halu_994";
sound[] = {"root_anomalies\main\sounds\halu_994.ogg", "db+10", 1};
titles[] = {};
};
class halu_995 {
name = "halu_995";
sound[] = {"root_anomalies\main\sounds\halu_995.ogg", "db+10", 1};
titles[] = {};
};
class halu_996 {
name = "halu_996";
sound[] = {"root_anomalies\main\sounds\halu_996.ogg", "db+10", 1};
titles[] = {};
};
class halu_997 {
name = "halu_997";
sound[] = {"root_anomalies\main\sounds\halu_997.ogg", "db+10", 1};
titles[] = {};
};
class halu_998 {
name = "halu_998";
sound[] = {"root_anomalies\main\sounds\halu_998.ogg", "db+10", 1};
titles[] = {};
};
class halu_999 {
name = "halu_999";
sound[] = {"root_anomalies\main\sounds\halu_999.ogg", "db+10", 1};
titles[] = {};
};
class halu_9999 {
name = "halu_9999";
sound[] = {"root_anomalies\main\sounds\halu_9999.ogg", "db+10", 1};
titles[] = {};
};
class explozie_2 {
name = "explozie_2";
sound[] = {"root_anomalies\main\sounds\explozie_2.ogg", 1, 1.0};
titles[] = {0, ""};
};
class explozie_1 {
name = "explozie_1";
sound[] = {"root_anomalies\main\sounds\explozie_1.ogg", 1, 1.0};
titles[] = {0, ""};
};
class gheizer_4 {
name = "gheizer_4";
sound[] = {"root_anomalies\main\sounds\gheizer_4.ogg", "db+5", 1};
titles[] = {1, ""};
};
class gheizer_3 {
name = "gheizer_3";
sound[] = {"root_anomalies\main\sounds\gheizer_3.ogg", "db+5", 1};
titles[] = {1, ""};
};
class gheizer_2 {
name = "gheizer_2";
sound[] = {"root_anomalies\main\sounds\gheizer_2.ogg", "db+5", 1};
titles[] = {1, ""};
};
class gheizer_1 {
name = "gheizer_1";
sound[] = {"root_anomalies\main\sounds\gheizer_1.ogg", "db+5", 1};
titles[] = {1, ""};
};
class al_boil {
name = "al_boil";
sound[] = {"root_anomalies\main\sounds\al_boil.ogg", 1, 1};
titles[] = {1, ""};
};
class boil_mic {
name = "boil_mic";
sound[] = {"root_anomalies\main\sounds\boil_mic.ogg", 1, 1};
titles[] = {1, ""};
};
class vapori_01 {
name = "vapori_01";
sound[] = {"root_anomalies\main\sounds\vapori_01.ogg",0.3, 1};
titles[] = {1, ""};
};
class vapori_02 {
name = "vapori_02";
sound[] = {"root_anomalies\main\sounds\vapori_02.ogg",0.5, 1};
titles[] = {1, ""};
};
class vapori_03 {
name = "vapori_03";
sound[] = {"root_anomalies\main\sounds\vapori_03.ogg",0.2, 1};
titles[] = {1, ""};
};
class drops_01 {
name = "drops_01";
sound[] = {"root_anomalies\main\sounds\drops_01.ogg","db+5", 1};
titles[] = {1, ""};
};
class drops_02 {
name = "drops_02";
sound[] = {"root_anomalies\main\sounds\drops_02.ogg","db+5", 1};
titles[] = {1, ""};
};
class drops_03 {
name = "drops_03";
sound[] = {"root_anomalies\main\sounds\drops_03.ogg","db+5", 1};
titles[] = {1, ""};
};
class debris {
name = "debris";
sound[] = {"root_anomalies\main\sounds\debris.ogg",0.3, 1};
titles[] = {1, ""};
};
class steamer_01 {
name = "steamer_01";
sound[] = {"root_anomalies\main\sounds\steamer_01.ogg",1, 1};
titles[] = {1, ""};
};
class steamer_02 {
name = "steamer_02";
sound[] = {"root_anomalies\main\sounds\steamer_02.ogg",1, 1};
titles[] = {1, ""};
};
class tip_01 {
name = "tip_01";
sound[] = {"root_anomalies\main\sounds\tip_01.ogg",1, 1};
titles[] = {1, ""};
};
class tip_02 {
name = "tip_02";
sound[] = {"root_anomalies\main\sounds\tip_02.ogg",1, 1};
titles[] = {1, ""};
};
class tip_03 {
name = "tip_03";
sound[] = {"root_anomalies\main\sounds\tip_03.ogg",1, 1};
titles[] = {1, ""};
};
class tip_04 {
name = "tip_04";
sound[] = {"root_anomalies\main\sounds\tip_04.ogg",1, 1};
titles[] = {1, ""};
};
class tip_05 {
name = "tip_05";
sound[] = {"root_anomalies\main\sounds\tip_05.ogg",1, 1};
titles[] = {1, ""};
};
class tip_06 {
name = "tip_06";
sound[] = {"root_anomalies\main\sounds\tip_06.ogg",1, 1};
titles[] = {1, ""};
};
class eko_01 {
name = "eko_01";
sound[] = {"root_anomalies\main\sounds\eko_01.ogg",1, 1};
titles[] = {1, ""};
};
class eko_02 {
name = "eko_02";
sound[] = {"root_anomalies\main\sounds\eko_02.ogg",1, 1};
titles[] = {1, ""};
};
class casp_voice {
name = "casp_voice";
sound[] = {"root_anomalies\main\sounds\casp_voice.ogg", "db+5", 1};
titles[] = {};
};
class 01_salt {
name = "01_salt";
sound[] = {"root_anomalies\main\sounds\01_salt.ogg", "db+10", 1};
titles[] = {};
};
class 02_salt {
name = "02_salt";
sound[] = {"root_anomalies\main\sounds\02_salt.ogg", "db+10", 1};
titles[] = {};
};
class 03_salt {
name = "03_salt";
sound[] = {"root_anomalies\main\sounds\03_salt.ogg", "db+10", 1};
titles[] = {};
};
class 01_tip_casp {
name = "01_tip_casp";
sound[] = {"root_anomalies\main\sounds\01_tip_casp.ogg", "db+5", 1};
titles[] = {};
};
class 02_tip_casp {
name = "02_tip_casp";
sound[] = {"root_anomalies\main\sounds\02_tip_casp.ogg", "db+0.8", 1};
titles[] = {};
};
class 03_tip_casp {
name = "03_tip_casp";
sound[] = {"root_anomalies\main\sounds\03_tip_casp.ogg", "db+5", 1};
titles[] = {};
};
class 04_tip_casp {
name = "04_tip_casp";
sound[] = {"root_anomalies\main\sounds\04_tip_casp.ogg", "db+5", 1};
titles[] = {};
};
class 05_tip_casp {
name = "05_tip_casp";
sound[] = {"root_anomalies\main\sounds\05_tip_casp.ogg", "db+5", 1};
titles[] = {};
};
class 06_tip_casp {
name = "06_tip_casp";
sound[] = {"root_anomalies\main\sounds\06_tip_casp.ogg", "db+5", 1};
titles[] = {};
};
class 07_tip_casp {
name = "07_tip_casp";
sound[] = {"root_anomalies\main\sounds\07_tip_casp.ogg", "db+5", 1};
titles[] = {};
};
class 01_tease {
name = "01_tease";
sound[] = {"root_anomalies\main\sounds\01_tease.ogg", "db+1", 1};
titles[] = {};
};
class 02_tease {
name = "02_tease";
sound[] = {"root_anomalies\main\sounds\02_tease.ogg", "db+0.9", 1};
titles[] = {};
};
class 03_tease {
name = "03_tease";
sound[] = {"root_anomalies\main\sounds\03_tease.ogg", "db+1", 1};
titles[] = {};
};
class 04_tease {
name = "04_tease";
sound[] = {"root_anomalies\main\sounds\04_tease.ogg", "db+1", 1};
titles[] = {};
};
class 01_atk_bg {
name = "01_atk_bg";
sound[] = {"root_anomalies\main\sounds\01_atk_bg.ogg", "db+1", 1};
titles[] = {};
};
class 02_atk {
name = "02_atk";
sound[] = {"root_anomalies\main\sounds\02_atk.ogg", "db+1", 1};
titles[] = {};
};
class 03_atk {
name = "03_atk";
sound[] = {"root_anomalies\main\sounds\03_atk.ogg", "db+1", 1};
titles[] = {};
};
class 04_atk {
name = "04_atk";
sound[] = {"root_anomalies\main\sounds\04_atk.ogg", "db+1", 1};
titles[] = {};
};
class puls {
name = "puls";
sound[] = {"root_anomalies\main\sounds\puls.ogg", "db+10", 1};
titles[] = {};
};
class roi_02 {
name = "roi_02";
sound[] = {"root_anomalies\main\sounds\roi_02.ogg",1,1};
titles[] = {};
};
class roi_atk_01 {
name = "roi_atk_01";
sound[] = {"root_anomalies\main\sounds\roi_atk_01.ogg",1,1};
titles[] = {};
};
class roi_mort {
name = "roi_mort";
sound[] = {"root_anomalies\main\sounds\roi_mort.ogg",1,1};
titles[] = {};
};
class eating {
name = "eating";
sound[] = {"root_anomalies\main\sounds\eating.ogg",1,1};
titles[] = {};
};
class insect_03 {
name = "insect_03";
sound[] = {"root_anomalies\main\sounds\insect_03.ogg",1,1};
titles[] = {};
};
class insect_01 {
name = "insect_01";
sound[] = {"root_anomalies\main\sounds\insect_01.ogg",1,1};
titles[] = {};
};
class insect_04 {
name = "insect_04";
sound[] = {"root_anomalies\main\sounds\insect_04.ogg",1,1};
titles[] = {};
};
class insect_05 {
name = "insect_05";
sound[] = {"root_anomalies\main\sounds\insect_05.ogg",1,1};
titles[] = {};
};
class insect_07 {
name = "insect_07";
sound[] = {"root_anomalies\main\sounds\insect_07.ogg",1,1};
titles[] = {};
};
class insect_08 {
name = "insect_08";
sound[] = {"root_anomalies\main\sounds\insect_08.ogg",1,1};
titles[] = {};
};
class hive_queen_01 {
name = "hive_queen_01";
sound[] = {"root_anomalies\main\sounds\hive_queen_01.ogg",1,1};
titles[] = {};
};
class hive_queen_02 {
name = "hive_queen_02";
sound[] = {"root_anomalies\main\sounds\hive_queen_02.ogg",1,1};
titles[] = {};
};
class spark1 {
name = "spark1";
sound[] = {"root_anomalies\main\sounds\spark1.ogg", "db+30", 1};
titles[] = {};
};
class spark11 {
name = "spark11";
sound[] = {"root_anomalies\main\sounds\spark11.ogg", "db+30", 1};
titles[] = {};
};
class spark2 {
name = "spark2";
sound[] = {"root_anomalies\main\sounds\spark2.ogg", "db+30", 1};
titles[] = {};
};
class spark22 {
name = "spark22";
sound[] = {"root_anomalies\main\sounds\spark22.ogg", "db+30", 1};
titles[] = {};
};
class spark3 {
name = "spark3";
sound[] = {"root_anomalies\main\sounds\spark3.ogg", "db+30", 1};
titles[] = {};
};
class spark4 {
name = "spark4";
sound[] = {"root_anomalies\main\sounds\spark4.ogg", "db+30", 1};
titles[] = {};
};
class spark5 {
name = "spark5";
sound[] = {"root_anomalies\main\sounds\spark5.ogg", "db+30", 1};
titles[] = {};
};
class metalic1 {
name = "metalic1";
sound[] = {"root_anomalies\main\sounds\metalic1.ogg", "db+25", 1};
titles[] = {};
};
class metalic2 {
name = "metalic2";
sound[] = {"root_anomalies\main\sounds\metalic2.ogg", "db+25", 1};
titles[] = {};
};
class metalic3 {
name = "metalic3";
sound[] = {"root_anomalies\main\sounds\metalic3.ogg", "db+35", 1};
titles[] = {};
};
class metalic4 {
name = "metalic4";
sound[] = {"root_anomalies\main\sounds\metalic4.ogg", "db+35", 1};
titles[] = {};
};
class metalic5 {
name = "metalic5";
sound[] = {"root_anomalies\main\sounds\metalic5.ogg", "db+20", 1};
titles[] = {};
};
class metalic6 {
name = "metalic6";
sound[] = {"root_anomalies\main\sounds\metalic6.ogg", "db+30", 1};
titles[] = {};
};
class metalic7 {
name = "metalic7";
sound[] = {"root_anomalies\main\sounds\metalic7.ogg", "db+30", 1};
titles[] = {};
};
class sound_twin {
name = "sound_twin";
sound[] = {"root_anomalies\main\sounds\sound_twin.ogg", 1, 1};
titles[] = {};
};
class murmur {
name = "murmur";
sound[] = {"root_anomalies\main\sounds\murmur.ogg", 0.8, 1.0};
titles[] = {0, ""};
};
class geiger {
name = "geiger";
sound[] = {"root_anomalies\main\sounds\geiger.ogg", .7, 1.0};
titles[] = {0, ""};
};
class earthquake_02 {
name = "earthquake_02";
sound[] = {"root_anomalies\main\sounds\earthquake_02.ogg",0.7, 1};
titles[] = {1, ""};
};
class tiuit {
name = "tiuit";
sound[] = {"root_anomalies\main\sounds\tiuit.ogg", 0.2, 1.0};
titles[] = {0, ""};
};
class idle_01 {
name = "idle_01";
sound[] = {"root_anomalies\main\sounds\idle_01.ogg", "db+5", 1};
titles[] = {};
};
class idle_02 {
name = "idle_02";
sound[] = {"root_anomalies\main\sounds\idle_02.ogg", "db+10", 1};
titles[] = {};
};
class post_impact_01 {
name = "post_impact_01";
sound[] = {"root_anomalies\main\sounds\post_impact_01.ogg", 1, 1};
titles[] = {};
};
class post_impact_02 {
name = "post_impact_02";
sound[] = {"root_anomalies\main\sounds\post_impact_02.ogg", 1, 1};
titles[] = {};
};
class post_impact_03 {
name = "post_impact_03";
sound[] = {"root_anomalies\main\sounds\post_impact_03.ogg", 1, 1};
titles[] = {};
};
class post_impact_04 {
name = "post_impact_04";
sound[] = {"root_anomalies\main\sounds\post_impact_04.ogg", 1, 1};
titles[] = {};
};
class impact_30 {
name = "impact_30";
sound[] = {"root_anomalies\main\sounds\impact_30.ogg","db+30", 1};
titles[] = {};
};
class impact_27 {
name = "impact_27";
sound[] = {"root_anomalies\main\sounds\impact_27.ogg","db+30", 1};
titles[] = {};
};
class salt_05 {
name = "salt_05";
sound[] = {"root_anomalies\main\sounds\salt_05.ogg","db+20", 1};
titles[] = {};
};
class salt_08 {
name = "salt_08";
sound[] = {"root_anomalies\main\sounds\salt_08.ogg","db+20", 1};
titles[] = {};
};
class move_01 {
name = "move_01";
sound[] = {"root_anomalies\main\sounds\move_01.ogg",1, 1};
titles[] = {};
};
class move_02 {
name = "move_02";
sound[] = {"root_anomalies\main\sounds\move_02.ogg",1, 1};
titles[] = {};
};
class move_03 {
name = "move_03";
sound[] = {"root_anomalies\main\sounds\move_03.ogg",1, 1};
titles[] = {};
};
class move_04 {
name = "move_04";
sound[] = {"root_anomalies\main\sounds\move_04.ogg",1, 1};
titles[] = {};
};
class move_05 {
name = "move_05";
sound[] = {"root_anomalies\main\sounds\move_05.ogg",1, 1};
titles[] = {};
};
class move_06 {
name = "move_06";
sound[] = {"root_anomalies\main\sounds\move_06.ogg",1, 1};
titles[] = {};
};
class move_07 {
name = "move_07";
sound[] = {"root_anomalies\main\sounds\move_07.ogg",1, 1};
titles[] = {};
};
class move_08 {
name = "move_08";
sound[] = {"root_anomalies\main\sounds\move_08.ogg",1, 1};
titles[] = {};
};
class move_09 {
name = "move_09";
sound[] = {"root_anomalies\main\sounds\move_09.ogg",1, 1};
titles[] = {};
};
class move_10 {
name = "move_10";
sound[] = {"root_anomalies\main\sounds\move_10.ogg",1, 1};
titles[] = {};
};
class move_11 {
name = "move_11";
sound[] = {"root_anomalies\main\sounds\move_11.ogg",1, 1};
titles[] = {};
};
class move_12 {
name = "move_12";
sound[] = {"root_anomalies\main\sounds\move_12.ogg",1, 1};
titles[] = {};
};
class move_13 {
name = "move_13";
sound[] = {"root_anomalies\main\sounds\move_13.ogg",1, 1};
titles[] = {};
};
class move_14 {
name = "move_14";
sound[] = {"root_anomalies\main\sounds\move_14.ogg",1, 1};
titles[] = {};
};
class move_15 {
name = "move_15";
sound[] = {"root_anomalies\main\sounds\move_15.ogg",1, 1};
titles[] = {};
};
class bump {
name = "bump";
sound[] = {"root_anomalies\main\sounds\bump.ogg","db+20", 1};
titles[] = {};
};
class strigat {
name = "strigat";
sound[] = {"root_anomalies\main\sounds\strigat.ogg","db+20", 1};
titles[] = {};
};
};
<rebuilding units[]= and friends>...
loading...
data\logo_ca.paa:loading...
data\logo_co.paa:loading...
\root_anomalies\main\data\logo_co.png :excluded
sounds\01_atk_bg.ogg:loading...
sounds\01_blast.ogg:loading...
sounds\01_far_blast.ogg:loading...
sounds\01_salt.ogg:loading...
sounds\01_tease.ogg:loading...
sounds\01_tip_casp.ogg:loading...
sounds\02.ogg:loading...
sounds\02_atk.ogg:loading...
sounds\02_blast.ogg:loading...
sounds\02_far_blast.ogg:loading...
sounds\02_salt.ogg:loading...
sounds\02_tease.ogg:loading...
sounds\02_tip_casp.ogg:loading...
sounds\03.ogg:loading...
sounds\03_atk.ogg:loading...
sounds\03_blast.ogg:loading...
sounds\03_far_blast.ogg:loading...
sounds\03_salt.ogg:loading...
sounds\03_tease.ogg:loading...
sounds\03_tip_casp.ogg:loading...
sounds\04.ogg:loading...
sounds\04_atk.ogg:loading...
sounds\04_blast.ogg:loading...
sounds\04_tease.ogg:loading...
sounds\04_tip_casp.ogg:loading...
sounds\05_blast.ogg:loading...
sounds\05_tip_casp.ogg:loading...
sounds\06_blast.ogg:loading...
sounds\06_tip_casp.ogg:loading...
sounds\07_tip_casp.ogg:loading...
sounds\al_boil.ogg:loading...
sounds\alt_idle_01.ogg:loading...
sounds\blood_splash.ogg:loading...
sounds\bodyfall_metal_3.ogg:loading...
sounds\bodyfall_wood_1.ogg:loading...
sounds\bodyfall_wood_2.ogg:loading...
sounds\bodyfall_wood_3.ogg:loading...
sounds\boil_mic.ogg:loading...
sounds\bones_drop.ogg:loading...
sounds\bump.ogg:loading...
sounds\burned.ogg:loading...
sounds\casp_voice.ogg:loading...
sounds\charge_b.ogg:loading...
sounds\close_bomb.ogg:loading...
sounds\debris.ogg:loading...
sounds\device_puls.ogg:loading...
sounds\drops_01.ogg:loading...
sounds\drops_02.ogg:loading...
sounds\drops_03.ogg:loading...
sounds\earthquake_02.ogg:loading...
sounds\earthquakes.ogg:loading...
sounds\earthquakes_long.ogg:loading...
sounds\eating.ogg:loading...
sounds\eko.ogg:loading...
sounds\eko_01.ogg:loading...
sounds\eko_02.ogg:loading...
sounds\eko_bomb.ogg:loading...
sounds\eko_sharp.ogg:loading...
sounds\explozie_1.ogg:loading...
sounds\explozie_2.ogg:loading...
sounds\explozie_3.ogg:loading...
sounds\flamer_voice.ogg:loading...
sounds\foc_initial.ogg:loading...
sounds\furnal.ogg:loading...
sounds\geiger.ogg:loading...
sounds\gheizer_1.ogg:loading...
sounds\gheizer_2.ogg:loading...
sounds\gheizer_3.ogg:loading...
sounds\gheizer_4.ogg:loading...
sounds\halu_1.ogg:loading...
sounds\halu_2.ogg:loading...
sounds\halu_3.ogg:loading...
sounds\halu_4.ogg:loading...
sounds\halu_5.ogg:loading...
sounds\halu_6.ogg:loading...
sounds\halu_7.ogg:loading...
sounds\halu_8.ogg:loading...
sounds\halu_9.ogg:loading...
sounds\halu_91.ogg:loading...
sounds\halu_92.ogg:loading...
sounds\halu_93.ogg:loading...
sounds\halu_94.ogg:loading...
sounds\halu_95.ogg:loading...
sounds\halu_96.ogg:loading...
sounds\halu_97.ogg:loading...
sounds\halu_98.ogg:loading...
sounds\halu_99.ogg:loading...
sounds\halu_991.ogg:loading...
sounds\halu_992.ogg:loading...
sounds\halu_993.ogg:loading...
sounds\halu_994.ogg:loading...
sounds\halu_995.ogg:loading...
sounds\halu_996.ogg:loading...
sounds\halu_997.ogg:loading...
sounds\halu_998.ogg:loading...
sounds\halu_999.ogg:loading...
sounds\halu_9999.ogg:loading...
sounds\hive_queen_01.ogg:loading...
sounds\hive_queen_02.ogg:loading...
sounds\idle_01.ogg:loading...
sounds\idle_02.ogg:loading...
sounds\impact_27.ogg:loading...
sounds\impact_30.ogg:loading...
sounds\insect_01.ogg:loading...
sounds\insect_03.ogg:loading...
sounds\insect_04.ogg:loading...
sounds\insect_05.ogg:loading...
sounds\insect_07.ogg:loading...
sounds\insect_08.ogg:loading...
sounds\metalic1.ogg:loading...
sounds\metalic2.ogg:loading...
sounds\metalic3.ogg:loading...
sounds\metalic4.ogg:loading...
sounds\metalic5.ogg:loading...
sounds\metalic6.ogg:loading...
sounds\metalic7.ogg:loading...
sounds\metalic8.ogg:loading...
sounds\miscare_screamer.ogg:loading...
sounds\move_01.ogg:loading...
sounds\move_02.ogg:loading...
sounds\move_03.ogg:loading...
sounds\move_04.ogg:loading...
sounds\move_05.ogg:loading...
sounds\move_06.ogg:loading...
sounds\move_07.ogg:loading...
sounds\move_08.ogg:loading...
sounds\move_09.ogg:loading...
sounds\move_10.ogg:loading...
sounds\move_11.ogg:loading...
sounds\move_12.ogg:loading...
sounds\move_13.ogg:loading...
sounds\move_14.ogg:loading...
sounds\move_15.ogg:loading...
sounds\murmur.ogg:loading...
sounds\pietre.ogg:loading...
sounds\post_impact_01.ogg:loading...
sounds\post_impact_02.ogg:loading...
sounds\post_impact_03.ogg:loading...
sounds\post_impact_04.ogg:loading...
sounds\puls.ogg:loading...
sounds\puls_bass.ogg:loading...
sounds\punch_1.ogg:loading...
sounds\punch_2.ogg:loading...
sounds\punch_3.ogg:loading...
sounds\punch_4.ogg:loading...
sounds\punch_5.ogg:loading...
sounds\punch_6.ogg:loading...
sounds\punch_7.ogg:loading...
sounds\rafala_smug_01.ogg:loading...
sounds\rafala_smug_02.ogg:loading...
sounds\rafala_smug_03.ogg:loading...
sounds\roi_02.ogg:loading...
sounds\roi_atk_01.ogg:loading...
sounds\roi_mort.ogg:loading...
sounds\salt_05.ogg:loading...
sounds\salt_08.ogg:loading...
sounds\scream.ogg:loading...
sounds\smugg_01.ogg:loading...
sounds\smugg_02.ogg:loading...
sounds\smugg_03.ogg:loading...
sounds\sound_twin.ogg:loading...
sounds\spark1.ogg:loading...
sounds\spark11.ogg:loading...
sounds\spark2.ogg:loading...
sounds\spark22.ogg:loading...
sounds\spark3.ogg:loading...
sounds\spark4.ogg:loading...
sounds\spark5.ogg:loading...
sounds\steamer_01.ogg:loading...
sounds\steamer_02.ogg:loading...
sounds\stones_scream.ogg:loading...
sounds\strigat.ogg:loading...
sounds\strigat_1.ogg:loading...
sounds\strigat_2.ogg:loading...
sounds\strigat_3.ogg:loading...
sounds\strigat_4.ogg:loading...
sounds\strigat_5.ogg:loading...
sounds\strigat_6.ogg:loading...
sounds\strigat_7.ogg:loading...
sounds\strigat_8.ogg:loading...
sounds\strigat_9.ogg:loading...
sounds\strigat_91.ogg:loading...
sounds\strigat_92.ogg:loading...
sounds\tele_message.ogg:loading...
sounds\telep_01.ogg:loading...
sounds\telep_02.ogg:loading...
sounds\telep_03.ogg:loading...
sounds\telep_04.ogg:loading...
sounds\telep_05.ogg:loading...
sounds\teleport_screamer.ogg:loading...
sounds\tip_01.ogg:loading...
sounds\tip_02.ogg:loading...
sounds\tip_03.ogg:loading...
sounds\tip_04.ogg:loading...
sounds\tip_05.ogg:loading...
sounds\tip_06.ogg:loading...
sounds\tiuit.ogg:loading...
sounds\travel_ground.ogg:loading...
sounds\tremor.ogg:loading...
sounds\vapori_01.ogg:loading...
sounds\vapori_02.ogg:loading...
sounds\vapori_03.ogg:loading...
sounds\vortex.ogg:loading...
sounds\zoomin.ogg:loading...


Prefix = root_anomalies\main

writing header entries..
creating a texHeaders.bin...

writing pbo header...
Writing data blocks...
................................................................................................................................................................................................................
Writing sha 'D595FD1CC82F5B25836BBA25EC2F174329435460'
File written to G:\Games\Arma 3\## PBOs\Created\@roots_anomalies\addons\main.pbo
<MakePbo end>

signing main.pbo ...
success