Processing \root_anomalies\swarmer...
verifying model.cfgs(if any)...
<scanning files to pack (and verifying mlods if any)>

</end scan>
<MakePbo start>
config.cpp:lint checking...
class CfgPatches {
class Root_Swarmer_Anomaly {
addonRootClass = "Root_Anomalies";
requiredAddons[] = {
"A3_Modules_F_Curator",
"cba_main",
"zen_custom_modules",
"Root_Anomalies"
};
units[] = {"Swarmer_Module"};
weapons[] = {};
author = "Root";
authors[] = {
"Root",
"Aliascartoons"
};
url = "https://github.com/A3-Root/Root_Anomalies";
requiredVersion = 2.18;
};
};

class CfgFunctions {
class Root {
class RootSwarmerCategory {
class Swarmer {file = "root_anomalies\swarmer\functions\init_swarmer.sqf";};
class SwarmerDead {file = "root_anomalies\swarmer\functions\swarmer_dead_SFX.sqf";};
class SwarmerEating {file = "root_anomalies\swarmer\functions\swarmer_eating_SFX.sqf";};
class SwarmerFlies {file = "root_anomalies\swarmer\functions\swarmer_flies.sqf";};
class SwarmerKill {file = "root_anomalies\swarmer\functions\swarmer_kill_hive.sqf";};
class SwarmerMain {file = "root_anomalies\swarmer\functions\swarmer_main.sqf";};
class SwarmerSfx {file = "root_anomalies\swarmer\functions\swarmer_SFX.sqf";};
class SwarmerVoice {file = "root_anomalies\swarmer\functions\swarmer_voice.sqf";};
};
};
};

class Extended_PostInit_EventHandlers {
class RootPostInitSwarmer {
init = "call compile preprocessFileLineNumbers 'root_anomalies\swarmer\functions\postinit_swarmer.sqf'";
disableModuload = 1;
};
};

class CfgVehicles {
class zen_modules_moduleBase;
class Swarmer_Module: zen_modules_moduleBase {
author = "Root";
_generalMacro = "Swarmer_Module";
category = "ROOT_ANOMALIES";
function = "Root_fnc_Swarmer";
displayName = "Swarmer Anomaly";
};
};
<rebuilding units[]= and friends>...
loading...
functions\init_swarmer.sqf:loading...
functions\postinit_swarmer.sqf:loading...
functions\swarmer_dead_SFX.sqf:loading...
functions\swarmer_eating_SFX.sqf:loading...
functions\swarmer_flies.sqf:loading...
functions\swarmer_kill_hive.sqf:loading...
functions\swarmer_main.sqf:loading...
functions\swarmer_SFX.sqf:loading...
functions\swarmer_voice.sqf:loading...


Prefix = root_anomalies\swarmer

writing header entries..

writing pbo header...
Writing data blocks...
..........
Writing sha '803480BEA3431882B01C9E1661DBE491D026675A'
File written to G:\Games\Arma 3\## PBOs\Created\@roots_anomalies\addons\swarmer.pbo
<MakePbo end>

signing swarmer.pbo ...
success