Processing \root_anomalies\worm...
verifying model.cfgs(if any)...
<scanning files to pack (and verifying mlods if any)>

</end scan>
<MakePbo start>
config.cpp:lint checking...
class CfgPatches {
class Root_Worm_Anomaly {
addonRootClass = "Root_Anomalies";
requiredAddons[] = {
"A3_Modules_F_Curator",
"cba_main",
"zen_custom_modules",
"Root_Anomalies"
};
units[] = {"Worm_Module"};
weapons[] = {};
author = "Root";
authors[] = {
"Root",
"Aliascartoons"
};
url = "https://github.com/A3-Root/Root_Anomalies";
requiredVersion = 2.18;
};
};

class CfgFunctions {
class Root {
class RootWormCategory {
class Worm {file = "root_anomalies\worm\functions\init_worm.sqf";};
class WormAttack {file = "root_anomalies\worm\functions\worm_attack.sqf";};
class WormBump {file = "root_anomalies\worm\functions\worm_bump.sqf";};
class WormEffect {file = "root_anomalies\worm\functions\worm_effect.sqf";};
class WormKill {file = "root_anomalies\worm\functions\worm_kill_confirm.sqf";};
class WormMain {file = "root_anomalies\worm\functions\worm_main.sqf";};
};
};
};

class Extended_PostInit_EventHandlers {
class RootPostInitWorm {
init = "call compile preprocessFileLineNumbers 'root_anomalies\worm\functions\postinit_worm.sqf'";
disableModuload = 1;
};
};

class CfgVehicles {
class zen_modules_moduleBase;
class Worm_Module: zen_modules_moduleBase {
author = "Root";
_generalMacro = "Worm_Module";
category = "ROOT_ANOMALIES";
function = "Root_fnc_Worm";
displayName = "Worm Anomaly";
};
};
<rebuilding units[]= and friends>...
loading...
functions\init_worm.sqf:loading...
functions\postinit_worm.sqf:loading...
functions\worm_attack.sqf:loading...
functions\worm_bump.sqf:loading...
functions\worm_effect.sqf:loading...
functions\worm_kill_confirm.sqf:loading...
functions\worm_main.sqf:loading...


Prefix = root_anomalies\worm

writing header entries..

writing pbo header...
Writing data blocks...
........
Writing sha '3D3CB22ABF260250B8FCD9E00091F4CECC12CB1E'
File written to G:\Games\Arma 3\## PBOs\Created\@roots_anomalies\addons\worm.pbo
<MakePbo end>

signing worm.pbo ...
success